<?xml version="1.0" encoding="UTF-8"?>
<!-- Generated by org.testng.reporters.JUnitReportReporter -->
<testsuite hostname="MSI" failures="0" tests="1" name="accesibility.KeyboardOnlyNavigationTests" time="13.957" errors="0" timestamp="2022-10-26T22:41:18 GMT+03:00" skipped="0">
  <testcase classname="accesibility.KeyboardOnlyNavigationTests" name="testKeyboardOnlyNavigationForHomePage" time="13.957"/>
  <system-out/>
</testsuite> <!-- accesibility.KeyboardOnlyNavigationTests -->
