<?xml version="1.0" encoding="UTF-8"?>
<!-- Generated by org.testng.reporters.JUnitReportReporter -->
<testsuite hostname="MSI" failures="0" tests="2" name="sign_up.SignUpTests" time="2.983" errors="0" timestamp="2022-10-26T22:41:18 GMT+03:00" skipped="0">
  <testcase classname="sign_up.SignUpTests" name="testFailedSignUp" time="1.894"/>
  <system-out/>
  <testcase classname="sign_up.SignUpTests" name="testClickOnSignUpInHomePage" time="1.089"/>
  <system-out/>
</testsuite> <!-- sign_up.SignUpTests -->
