<?xml version="1.0" encoding="UTF-8"?>
<!-- Generated by org.testng.reporters.JUnitReportReporter -->
<testsuite hostname="MSI" failures="0" tests="2" name="login_logout.LoginLogoutTests" time="2.804" errors="0" timestamp="2022-10-26T22:41:18 GMT+03:00" skipped="0">
  <testcase classname="login_logout.LoginLogoutTests" name="testFailedLoginWithInvalidUsername" time="1.885"/>
  <system-out/>
  <testcase classname="login_logout.LoginLogoutTests" name="testClickOnLoginInHomePage" time="0.919"/>
  <system-out/>
</testsuite> <!-- login_logout.LoginLogoutTests -->
